Traceback (most recent call last):
  File "C:\Users\hatef\anaconda3\envs\jbook\Lib\site-packages\jupyter_cache\executors\utils.py", line 58, in single_nb_execution
    executenb(
    ~~~~~~~~~^
        nb,
        ^^^
    ...<4 lines>...
        **kwargs,
        ^^^^^^^^^
    )
    ^
  File "C:\Users\hatef\anaconda3\envs\jbook\Lib\site-packages\nbclient\client.py", line 1314, in execute
    return NotebookClient(nb=nb, resources=resources, km=km, **kwargs).execute()
           ~~~~~~~~~~~~~~~~~~~~~~~~~~~~~~~~~~~~~~~~~~~~~~~~~~~~~~~~~~~~~~~~~~~^^
  File "C:\Users\hatef\anaconda3\envs\jbook\Lib\site-packages\jupyter_core\utils\__init__.py", line 165, in wrapped
    return loop.run_until_complete(inner)
           ~~~~~~~~~~~~~~~~~~~~~~~^^^^^^^
  File "C:\Users\hatef\anaconda3\envs\jbook\Lib\asyncio\base_events.py", line 720, in run_until_complete
    return future.result()
           ~~~~~~~~~~~~~^^
  File "C:\Users\hatef\anaconda3\envs\jbook\Lib\site-packages\nbclient\client.py", line 709, in async_execute
    await self.async_execute_cell(
        cell, index, execution_count=self.code_cells_executed + 1
    )
  File "C:\Users\hatef\anaconda3\envs\jbook\Lib\site-packages\nbclient\client.py", line 1062, in async_execute_cell
    await self._check_raise_for_error(cell, cell_index, exec_reply)
  File "C:\Users\hatef\anaconda3\envs\jbook\Lib\site-packages\nbclient\client.py", line 918, in _check_raise_for_error
    raise CellExecutionError.from_cell_and_msg(cell, exec_reply_content)
nbclient.exceptions.CellExecutionError: An error occurred while executing the following cell:
------------------
# Import necessary libraries
import matplotlib.pyplot as plt  # Import the plotting library

# Define color codes for convenience
Colors = {'White': (255, 255, 255),
            'Black': (0, 0, 0),
            'Red': (255, 0, 0),
            'Green': (0, 255, 0),
            'Blue': (0, 0, 255),
            'Yellow': (255, 255, 0),
            'Purple': (128, 0, 128),
            'Indigo': (75, 0, 130),
            'OrangeRed': (255, 69, 0)}

# Set font properties for plots
plt.rcParams.update({'font.family': 'Calibri', 'axes.titlesize': 16})

# Define a function to display images with titles and optional settings
def ImShow(Images, Names, title='Images', grayscale=False):
    # Create a figure with two subplots
    fig, ax = plt.subplots(1, 2, figsize=(9.5, 4))  # Create a figure with 1 row and 2 columns of subplots
    ax = ax.ravel()  # Flatten the subplots for easier manipulation

    # Iterate over the first two images
    for i in range(2):
        # Display the image in grayscale if grayscale is True, otherwise in color
        ax[i].imshow(Images[i], cmap='gray' if grayscale else None)
        ax[i].set_aspect(1)  # Set aspect ratio to 1 (square aspect)
        ax[i].axis('off')  # Turn off axis
        ax[i].set_title(Names[i], weight='bold')  # Set image title with bold font

    if title:
        # Set main title if provided
        fig.suptitle(title, weight='bold', fontsize=18)

    plt.tight_layout()  # Adjust layout for better spacing

    return fig, ax
------------------


[1;31m---------------------------------------------------------------------------[0m
[1;31mModuleNotFoundError[0m                       Traceback (most recent call last)
Cell [1;32mIn[1], line 2[0m
[0;32m      1[0m [38;5;66;03m# Import necessary libraries[39;00m
[1;32m----> 2[0m [38;5;28;01mimport[39;00m [38;5;21;01mmatplotlib[39;00m[38;5;21;01m.[39;00m[38;5;21;01mpyplot[39;00m [38;5;28;01mas[39;00m [38;5;21;01mplt[39;00m  [38;5;66;03m# Import the plotting library[39;00m
[0;32m      4[0m [38;5;66;03m# Define color codes for convenience[39;00m
[0;32m      5[0m Colors [38;5;241m=[39m {[38;5;124m'[39m[38;5;124mWhite[39m[38;5;124m'[39m: ([38;5;241m255[39m, [38;5;241m255[39m, [38;5;241m255[39m),
[0;32m      6[0m             [38;5;124m'[39m[38;5;124mBlack[39m[38;5;124m'[39m: ([38;5;241m0[39m, [38;5;241m0[39m, [38;5;241m0[39m),
[0;32m      7[0m             [38;5;124m'[39m[38;5;124mRed[39m[38;5;124m'[39m: ([38;5;241m255[39m, [38;5;241m0[39m, [38;5;241m0[39m),
[1;32m   (...)[0m
[0;32m     12[0m             [38;5;124m'[39m[38;5;124mIndigo[39m[38;5;124m'[39m: ([38;5;241m75[39m, [38;5;241m0[39m, [38;5;241m130[39m),
[0;32m     13[0m             [38;5;124m'[39m[38;5;124mOrangeRed[39m[38;5;124m'[39m: ([38;5;241m255[39m, [38;5;241m69[39m, [38;5;241m0[39m)}

[1;31mModuleNotFoundError[0m: No module named 'matplotlib'

