Traceback (most recent call last):
  File "C:\Users\hatef\anaconda3\envs\jbook\lib\site-packages\jupyter_cache\executors\utils.py", line 58, in single_nb_execution
    executenb(
  File "C:\Users\hatef\anaconda3\envs\jbook\lib\site-packages\nbclient\client.py", line 1305, in execute
    return NotebookClient(nb=nb, resources=resources, km=km, **kwargs).execute()
  File "C:\Users\hatef\anaconda3\envs\jbook\lib\site-packages\jupyter_core\utils\__init__.py", line 166, in wrapped
    return loop.run_until_complete(inner)
  File "C:\Users\hatef\anaconda3\envs\jbook\lib\asyncio\base_events.py", line 616, in run_until_complete
    return future.result()
  File "C:\Users\hatef\anaconda3\envs\jbook\lib\site-packages\nbclient\client.py", line 705, in async_execute
    await self.async_execute_cell(
  File "C:\Users\hatef\anaconda3\envs\jbook\lib\site-packages\nbclient\client.py", line 1058, in async_execute_cell
    await self._check_raise_for_error(cell, cell_index, exec_reply)
  File "C:\Users\hatef\anaconda3\envs\jbook\lib\site-packages\nbclient\client.py", line 914, in _check_raise_for_error
    raise CellExecutionError.from_cell_and_msg(cell, exec_reply_content)
nbclient.exceptions.CellExecutionError: An error occurred while executing the following cell:
------------------
Img = Images[1].copy()
Out = Img.copy()

Colors={'White':(255, 255, 255), 'Black':(0, 0, 0), 'Red':(255,0,0),'Green':(0,255,0), 'Blue':(0,0,255),
        'Yellow':(255,255,0), 'Purple':(128,0,128), 'Indigo':(75,0,130),'OrangeRed':(255,69,0)}

import cv2
_ = cv2.line(Out, (0, 0), Out.shape[:2][::-1], Colors['Yellow'], thickness=2, lineType=cv2.LINE_AA)

fig, ax = plt.subplots(1, 2 , figsize = (17, 6))
ax = ax.ravel()
font = FontProperties()
font.set_weight('bold')

_ = fig.suptitle('Circle', fontproperties=font, fontsize = 18)

_ = ax[0].imshow(Img)
_ = ax[0].set_title('Original Image', fontproperties=font, fontsize = 12)
_ = ax[1].imshow(Out)
_ = ax[1].set_title('Image with a Line', fontproperties=font, fontsize = 12)
for i in range(2):
    _ = ax[i].set_aspect(1)
    _ = ax[i].axis('off')
del i
del Img, Out
------------------


[1;31m---------------------------------------------------------------------------[0m
[1;31mImportError[0m                               Traceback (most recent call last)
Cell [1;32mIn[2], line 7[0m
[0;32m      2[0m Out [38;5;241m=[39m Img[38;5;241m.[39mcopy()
[0;32m      4[0m Colors[38;5;241m=[39m{[38;5;124m'[39m[38;5;124mWhite[39m[38;5;124m'[39m:([38;5;241m255[39m, [38;5;241m255[39m, [38;5;241m255[39m), [38;5;124m'[39m[38;5;124mBlack[39m[38;5;124m'[39m:([38;5;241m0[39m, [38;5;241m0[39m, [38;5;241m0[39m), [38;5;124m'[39m[38;5;124mRed[39m[38;5;124m'[39m:([38;5;241m255[39m,[38;5;241m0[39m,[38;5;241m0[39m),[38;5;124m'[39m[38;5;124mGreen[39m[38;5;124m'[39m:([38;5;241m0[39m,[38;5;241m255[39m,[38;5;241m0[39m), [38;5;124m'[39m[38;5;124mBlue[39m[38;5;124m'[39m:([38;5;241m0[39m,[38;5;241m0[39m,[38;5;241m255[39m),
[0;32m      5[0m         [38;5;124m'[39m[38;5;124mYellow[39m[38;5;124m'[39m:([38;5;241m255[39m,[38;5;241m255[39m,[38;5;241m0[39m), [38;5;124m'[39m[38;5;124mPurple[39m[38;5;124m'[39m:([38;5;241m128[39m,[38;5;241m0[39m,[38;5;241m128[39m), [38;5;124m'[39m[38;5;124mIndigo[39m[38;5;124m'[39m:([38;5;241m75[39m,[38;5;241m0[39m,[38;5;241m130[39m),[38;5;124m'[39m[38;5;124mOrangeRed[39m[38;5;124m'[39m:([38;5;241m255[39m,[38;5;241m69[39m,[38;5;241m0[39m)}
[1;32m----> 7[0m [38;5;28;01mimport[39;00m [38;5;21;01mcv2[39;00m
[0;32m      8[0m _ [38;5;241m=[39m cv2[38;5;241m.[39mline(Out, ([38;5;241m0[39m, [38;5;241m0[39m), Out[38;5;241m.[39mshape[:[38;5;241m2[39m][::[38;5;241m-[39m[38;5;241m1[39m], Colors[[38;5;124m'[39m[38;5;124mYellow[39m[38;5;124m'[39m], thickness[38;5;241m=[39m[38;5;241m2[39m, lineType[38;5;241m=[39mcv2[38;5;241m.[39mLINE_AA)
[0;32m     10[0m fig, ax [38;5;241m=[39m plt[38;5;241m.[39msubplots([38;5;241m1[39m, [38;5;241m2[39m , figsize [38;5;241m=[39m ([38;5;241m17[39m, [38;5;241m6[39m))

[1;31mImportError[0m: DLL load failed while importing cv2: The specified module could not be found.

