Traceback (most recent call last):
  File "C:\Users\hatef\anaconda3\envs\jbook\lib\site-packages\jupyter_cache\executors\utils.py", line 58, in single_nb_execution
    executenb(
  File "C:\Users\hatef\anaconda3\envs\jbook\lib\site-packages\nbclient\client.py", line 1305, in execute
    return NotebookClient(nb=nb, resources=resources, km=km, **kwargs).execute()
  File "C:\Users\hatef\anaconda3\envs\jbook\lib\site-packages\jupyter_core\utils\__init__.py", line 166, in wrapped
    return loop.run_until_complete(inner)
  File "C:\Users\hatef\anaconda3\envs\jbook\lib\asyncio\base_events.py", line 616, in run_until_complete
    return future.result()
  File "C:\Users\hatef\anaconda3\envs\jbook\lib\site-packages\nbclient\client.py", line 705, in async_execute
    await self.async_execute_cell(
  File "C:\Users\hatef\anaconda3\envs\jbook\lib\site-packages\nbclient\client.py", line 1058, in async_execute_cell
    await self._check_raise_for_error(cell, cell_index, exec_reply)
  File "C:\Users\hatef\anaconda3\envs\jbook\lib\site-packages\nbclient\client.py", line 914, in _check_raise_for_error
    raise CellExecutionError.from_cell_and_msg(cell, exec_reply_content)
nbclient.exceptions.CellExecutionError: An error occurred while executing the following cell:
------------------
import numpy as np
def map_matrix(tx, ty):
    M = np.eye(3, dtype=float)[:2,:]
    M[:,-1] = [tx, ty]
    return M

import cv2
Out = cv2.warpAffine(Img, map_matrix(10,20) , Img.shape[:2])

fig, ax = plt.subplots(1, 2 , figsize = (17, 6))
ax = ax.ravel()
_ = fig.suptitle('Image Wrap', fontproperties=font, fontsize = 18)

_ = ax[0].imshow(Img)
_ = ax[0].set_title('Original Image', fontproperties=font, fontsize = 12)
_ = ax[1].imshow(Out)
_ = ax[1].set_title('warpAffine Image with tx = 10, ty = 20', fontproperties=font, fontsize = 12)
for i in range(2):
    _ = ax[i].set_aspect('auto')
    _ = ax[i].axis('off')
del i
_ = ax[0].text(x = 0, y = int(0.02*Img.shape[1]), s = 'Size: %i by %i' % (Img.shape[0], Img.shape[1]),
               size=11, color = 'Navy', bbox=dict(boxstyle="square", ec='Navy',fc='LightSkyBlue'))
_ = ax[1].text(x = 0, y = int(0.02*Out.shape[1]), s = 'Size: %i by %i' % (Out.shape[0], Out.shape[1]),
               size=11, color = 'Navy', bbox=dict(boxstyle="square", ec='Navy',fc='LightSkyBlue'))
------------------


[1;31m---------------------------------------------------------------------------[0m
[1;31mImportError[0m                               Traceback (most recent call last)
Cell [1;32mIn[2], line 7[0m
[0;32m      4[0m     M[:,[38;5;241m-[39m[38;5;241m1[39m] [38;5;241m=[39m [tx, ty]
[0;32m      5[0m     [38;5;28;01mreturn[39;00m M
[1;32m----> 7[0m [38;5;28;01mimport[39;00m [38;5;21;01mcv2[39;00m
[0;32m      8[0m Out [38;5;241m=[39m cv2[38;5;241m.[39mwarpAffine(Img, map_matrix([38;5;241m10[39m,[38;5;241m20[39m) , Img[38;5;241m.[39mshape[:[38;5;241m2[39m])
[0;32m     10[0m fig, ax [38;5;241m=[39m plt[38;5;241m.[39msubplots([38;5;241m1[39m, [38;5;241m2[39m , figsize [38;5;241m=[39m ([38;5;241m17[39m, [38;5;241m6[39m))

[1;31mImportError[0m: DLL load failed while importing cv2: The specified module could not be found.

