Traceback (most recent call last):
  File "C:\Users\hatef\anaconda3\lib\site-packages\jupyter_cache\executors\utils.py", line 51, in single_nb_execution
    executenb(
  File "C:\Users\hatef\anaconda3\lib\site-packages\nbclient\client.py", line 1204, in execute
    return NotebookClient(nb=nb, resources=resources, km=km, **kwargs).execute()
  File "C:\Users\hatef\anaconda3\lib\site-packages\nbclient\util.py", line 84, in wrapped
    return just_run(coro(*args, **kwargs))
  File "C:\Users\hatef\anaconda3\lib\site-packages\nbclient\util.py", line 62, in just_run
    return loop.run_until_complete(coro)
  File "C:\Users\hatef\anaconda3\lib\asyncio\base_events.py", line 642, in run_until_complete
    return future.result()
  File "C:\Users\hatef\anaconda3\lib\site-packages\nbclient\client.py", line 663, in async_execute
    await self.async_execute_cell(
  File "C:\Users\hatef\anaconda3\lib\site-packages\nbclient\client.py", line 965, in async_execute_cell
    await self._check_raise_for_error(cell, cell_index, exec_reply)
  File "C:\Users\hatef\anaconda3\lib\site-packages\nbclient\client.py", line 862, in _check_raise_for_error
    raise CellExecutionError.from_cell_and_msg(cell, exec_reply_content)
nbclient.exceptions.CellExecutionError: An error occurred while executing the following cell:
------------------
import pandas as pd
import plotly.graph_objects as go
df = pd.DataFrame(np.array(Xn).astype(float), index = ['A','B']).T

fig = go.Figure()

# Add traces
fig.add_trace(go.Scatter(x=df.index, y=df.A, mode='markers', name='The probability eating at restaurant A'))
fig.add_trace(go.Scatter(x=df.index, y=df.B, mode='markers', name='The probability eating at restaurant B'))
fig.update_layout(plot_bgcolor= 'white')
fig.update_xaxes(showline=True, linewidth=1, linecolor='Lightgray', mirror=True,
                 showgrid=True, gridwidth=1, gridcolor='Lightgray',
                 zeroline=True, zerolinewidth=1.5, zerolinecolor='black')
fig.update_yaxes(showline=True, linewidth=1, linecolor='Lightgray', mirror=True,
                 showgrid=True, gridwidth=1, gridcolor='Lightgray',
                 zeroline=True, zerolinewidth=1.5, zerolinecolor='black')
fig.update_xaxes(title_text='x', range=[-.2, N])
fig.update_yaxes(title_text='y', range=[-.01, 1])
fig.show()
------------------

[1;31m---------------------------------------------------------------------------[0m
[1;31mNameError[0m                                 Traceback (most recent call last)
Input [1;32mIn [16][0m, in [0;36m<cell line: 3>[1;34m()[0m
[0;32m      1[0m [38;5;28;01mimport[39;00m [38;5;21;01mpandas[39;00m [38;5;28;01mas[39;00m [38;5;21;01mpd[39;00m
[0;32m      2[0m [38;5;28;01mimport[39;00m [38;5;21;01mplotly[39;00m[38;5;21;01m.[39;00m[38;5;21;01mgraph_objects[39;00m [38;5;28;01mas[39;00m [38;5;21;01mgo[39;00m
[1;32m----> 3[0m df [38;5;241m=[39m pd[38;5;241m.[39mDataFrame([43mnp[49m[38;5;241m.[39marray(Xn)[38;5;241m.[39mastype([38;5;28mfloat[39m), index [38;5;241m=[39m [[38;5;124m'[39m[38;5;124mA[39m[38;5;124m'[39m,[38;5;124m'[39m[38;5;124mB[39m[38;5;124m'[39m])[38;5;241m.[39mT
[0;32m      5[0m fig [38;5;241m=[39m go[38;5;241m.[39mFigure()
[0;32m      7[0m [38;5;66;03m# Add traces[39;00m

[1;31mNameError[0m: name 'np' is not defined
NameError: name 'np' is not defined

