Traceback (most recent call last):
  File "C:\Users\hatef\anaconda3\envs\jbook\lib\site-packages\jupyter_cache\executors\utils.py", line 58, in single_nb_execution
    executenb(
  File "C:\Users\hatef\anaconda3\envs\jbook\lib\site-packages\nbclient\client.py", line 1305, in execute
    return NotebookClient(nb=nb, resources=resources, km=km, **kwargs).execute()
  File "C:\Users\hatef\anaconda3\envs\jbook\lib\site-packages\jupyter_core\utils\__init__.py", line 166, in wrapped
    return loop.run_until_complete(inner)
  File "C:\Users\hatef\anaconda3\envs\jbook\lib\asyncio\base_events.py", line 647, in run_until_complete
    return future.result()
  File "C:\Users\hatef\anaconda3\envs\jbook\lib\site-packages\nbclient\client.py", line 705, in async_execute
    await self.async_execute_cell(
  File "C:\Users\hatef\anaconda3\envs\jbook\lib\site-packages\nbclient\client.py", line 1058, in async_execute_cell
    await self._check_raise_for_error(cell, cell_index, exec_reply)
  File "C:\Users\hatef\anaconda3\envs\jbook\lib\site-packages\nbclient\client.py", line 914, in _check_raise_for_error
    raise CellExecutionError.from_cell_and_msg(cell, exec_reply_content)
nbclient.exceptions.CellExecutionError: An error occurred while executing the following cell:
------------------
# This part is used for producing tables and figures
import sys
sys.path.insert(0,'..')
import hd_tools as hd
from bokeh.plotting import show

hd.derivative_ConvergenceOrder(vecs = [Table['EhF'].values, Table['EhB'].values, Table['EhC'].values],
                               labels = ['Forward Difference', 'Backward Difference', 'Central Difference'],
                               xlabel = r"$$i$$",
                               ylabel = r"$$\log_{2} \left( E_{h_{i}} / E_{h_{i-1}}  \right)$$",
                               title = 'Order of accuracy: Forward, Backward and Central Differences',
                               legend_orientation = 'horizontal', ylim = [0, 2.1])
------------------


[1;31m---------------------------------------------------------------------------[0m
[1;31mModuleNotFoundError[0m                       Traceback (most recent call last)
Cell [1;32mIn[4], line 4[0m
[0;32m      2[0m [38;5;28;01mimport[39;00m [38;5;21;01msys[39;00m
[0;32m      3[0m sys[38;5;241m.[39mpath[38;5;241m.[39minsert([38;5;241m0[39m,[38;5;124m'[39m[38;5;124m..[39m[38;5;124m'[39m)
[1;32m----> 4[0m [38;5;28;01mimport[39;00m [38;5;21;01mhd_tools[39;00m [38;5;28;01mas[39;00m [38;5;21;01mhd[39;00m
[0;32m      5[0m [38;5;28;01mfrom[39;00m [38;5;21;01mbokeh[39;00m[38;5;21;01m.[39;00m[38;5;21;01mplotting[39;00m [38;5;28;01mimport[39;00m show
[0;32m      7[0m hd[38;5;241m.[39mderivative_ConvergenceOrder(vecs [38;5;241m=[39m [Table[[38;5;124m'[39m[38;5;124mEhF[39m[38;5;124m'[39m][38;5;241m.[39mvalues, Table[[38;5;124m'[39m[38;5;124mEhB[39m[38;5;124m'[39m][38;5;241m.[39mvalues, Table[[38;5;124m'[39m[38;5;124mEhC[39m[38;5;124m'[39m][38;5;241m.[39mvalues],
[0;32m      8[0m                                labels [38;5;241m=[39m [[38;5;124m'[39m[38;5;124mForward Difference[39m[38;5;124m'[39m, [38;5;124m'[39m[38;5;124mBackward Difference[39m[38;5;124m'[39m, [38;5;124m'[39m[38;5;124mCentral Difference[39m[38;5;124m'[39m],
[0;32m      9[0m                                xlabel [38;5;241m=[39m [38;5;124mr[39m[38;5;124m"[39m[38;5;124m$$i$$[39m[38;5;124m"[39m,
[0;32m     10[0m                                ylabel [38;5;241m=[39m [38;5;124mr[39m[38;5;124m"[39m[38;5;124m$$[39m[38;5;124m\[39m[38;5;124mlog_[39m[38;5;132;01m{2}[39;00m[38;5;124m [39m[38;5;124m\[39m[38;5;124mleft( E_[39m[38;5;124m{[39m[38;5;124mh_[39m[38;5;132;01m{i}[39;00m[38;5;124m} / E_[39m[38;5;124m{[39m[38;5;124mh_[39m[38;5;124m{[39m[38;5;124mi-1}}  [39m[38;5;124m\[39m[38;5;124mright)$$[39m[38;5;124m"[39m,
[0;32m     11[0m                                title [38;5;241m=[39m [38;5;124m'[39m[38;5;124mOrder of accuracy: Forward, Backward and Central Differences[39m[38;5;124m'[39m,
[0;32m     12[0m                                legend_orientation [38;5;241m=[39m [38;5;124m'[39m[38;5;124mhorizontal[39m[38;5;124m'[39m, ylim [38;5;241m=[39m [[38;5;241m0[39m, [38;5;241m2.1[39m])

File [1;32m~\Jupyter_Notebooks\Notes\Numerical_Analysis\chapter_04\..\hd_tools.py:6[0m
[0;32m      4[0m [38;5;66;03m# import pandas as pd[39;00m
[0;32m      5[0m [38;5;28;01mimport[39;00m [38;5;21;01mnumpy[39;00m [38;5;28;01mas[39;00m [38;5;21;01mnp[39;00m
[1;32m----> 6[0m [38;5;28;01mimport[39;00m [38;5;21;01mbokeh[39;00m
[0;32m      7[0m [38;5;66;03m# from bokeh.plotting import figure, show, output_notebook[39;00m
[0;32m      8[0m [38;5;28;01mfrom[39;00m [38;5;21;01mbokeh[39;00m[38;5;21;01m.[39;00m[38;5;21;01mplotting[39;00m [38;5;28;01mimport[39;00m output_notebook

[1;31mModuleNotFoundError[0m: No module named 'bokeh'

