Traceback (most recent call last):
  File "C:\Users\hatef\anaconda3\envs\jbook\lib\site-packages\jupyter_cache\executors\utils.py", line 58, in single_nb_execution
    executenb(
  File "C:\Users\hatef\anaconda3\envs\jbook\lib\site-packages\nbclient\client.py", line 1305, in execute
    return NotebookClient(nb=nb, resources=resources, km=km, **kwargs).execute()
  File "C:\Users\hatef\anaconda3\envs\jbook\lib\site-packages\jupyter_core\utils\__init__.py", line 166, in wrapped
    return loop.run_until_complete(inner)
  File "C:\Users\hatef\anaconda3\envs\jbook\lib\asyncio\base_events.py", line 616, in run_until_complete
    return future.result()
  File "C:\Users\hatef\anaconda3\envs\jbook\lib\site-packages\nbclient\client.py", line 705, in async_execute
    await self.async_execute_cell(
  File "C:\Users\hatef\anaconda3\envs\jbook\lib\site-packages\nbclient\client.py", line 1058, in async_execute_cell
    await self._check_raise_for_error(cell, cell_index, exec_reply)
  File "C:\Users\hatef\anaconda3\envs\jbook\lib\site-packages\nbclient\client.py", line 914, in _check_raise_for_error
    raise CellExecutionError.from_cell_and_msg(cell, exec_reply_content)
nbclient.exceptions.CellExecutionError: An error occurred while executing the following cell:
------------------
import pandas as pd
df = pd.read_html('https://www.premierleague.com/stats/top/players/goals?se=274')
df = pd.concat(df).dropna(axis = 1)
display(df)
------------------


[1;31m---------------------------------------------------------------------------[0m
[1;31mImportError[0m                               Traceback (most recent call last)
Cell [1;32mIn[83], line 2[0m
[0;32m      1[0m [38;5;28;01mimport[39;00m [38;5;21;01mpandas[39;00m [38;5;28;01mas[39;00m [38;5;21;01mpd[39;00m
[1;32m----> 2[0m df [38;5;241m=[39m [43mpd[49m[38;5;241;43m.[39;49m[43mread_html[49m[43m([49m[38;5;124;43m'[39;49m[38;5;124;43mhttps://www.premierleague.com/stats/top/players/goals?se=274[39;49m[38;5;124;43m'[39;49m[43m)[49m
[0;32m      3[0m df [38;5;241m=[39m pd[38;5;241m.[39mconcat(df)[38;5;241m.[39mdropna(axis [38;5;241m=[39m [38;5;241m1[39m)
[0;32m      4[0m display(df)

File [1;32m~\anaconda3\envs\jbook\lib\site-packages\pandas\util\_decorators.py:331[0m, in [0;36mdeprecate_nonkeyword_arguments.<locals>.decorate.<locals>.wrapper[1;34m(*args, **kwargs)[0m
[0;32m    325[0m [38;5;28;01mif[39;00m [38;5;28mlen[39m(args) [38;5;241m>[39m num_allow_args:
[0;32m    326[0m     warnings[38;5;241m.[39mwarn(
[0;32m    327[0m         msg[38;5;241m.[39mformat(arguments[38;5;241m=[39m_format_argument_list(allow_args)),
[0;32m    328[0m         [38;5;167;01mFutureWarning[39;00m,
[0;32m    329[0m         stacklevel[38;5;241m=[39mfind_stack_level(),
[0;32m    330[0m     )
[1;32m--> 331[0m [38;5;28;01mreturn[39;00m [43mfunc[49m[43m([49m[38;5;241;43m*[39;49m[43margs[49m[43m,[49m[43m [49m[38;5;241;43m*[39;49m[38;5;241;43m*[39;49m[43mkwargs[49m[43m)[49m

File [1;32m~\anaconda3\envs\jbook\lib\site-packages\pandas\io\html.py:1205[0m, in [0;36mread_html[1;34m(io, match, flavor, header, index_col, skiprows, attrs, parse_dates, thousands, encoding, decimal, converters, na_values, keep_default_na, displayed_only, extract_links)[0m
[0;32m   1201[0m validate_header_arg(header)
[0;32m   1203[0m io [38;5;241m=[39m stringify_path(io)
[1;32m-> 1205[0m [38;5;28;01mreturn[39;00m [43m_parse[49m[43m([49m
[0;32m   1206[0m [43m    [49m[43mflavor[49m[38;5;241;43m=[39;49m[43mflavor[49m[43m,[49m
[0;32m   1207[0m [43m    [49m[43mio[49m[38;5;241;43m=[39;49m[43mio[49m[43m,[49m
[0;32m   1208[0m [43m    [49m[43mmatch[49m[38;5;241;43m=[39;49m[43mmatch[49m[43m,[49m
[0;32m   1209[0m [43m    [49m[43mheader[49m[38;5;241;43m=[39;49m[43mheader[49m[43m,[49m
[0;32m   1210[0m [43m    [49m[43mindex_col[49m[38;5;241;43m=[39;49m[43mindex_col[49m[43m,[49m
[0;32m   1211[0m [43m    [49m[43mskiprows[49m[38;5;241;43m=[39;49m[43mskiprows[49m[43m,[49m
[0;32m   1212[0m [43m    [49m[43mparse_dates[49m[38;5;241;43m=[39;49m[43mparse_dates[49m[43m,[49m
[0;32m   1213[0m [43m    [49m[43mthousands[49m[38;5;241;43m=[39;49m[43mthousands[49m[43m,[49m
[0;32m   1214[0m [43m    [49m[43mattrs[49m[38;5;241;43m=[39;49m[43mattrs[49m[43m,[49m
[0;32m   1215[0m [43m    [49m[43mencoding[49m[38;5;241;43m=[39;49m[43mencoding[49m[43m,[49m
[0;32m   1216[0m [43m    [49m[43mdecimal[49m[38;5;241;43m=[39;49m[43mdecimal[49m[43m,[49m
[0;32m   1217[0m [43m    [49m[43mconverters[49m[38;5;241;43m=[39;49m[43mconverters[49m[43m,[49m
[0;32m   1218[0m [43m    [49m[43mna_values[49m[38;5;241;43m=[39;49m[43mna_values[49m[43m,[49m
[0;32m   1219[0m [43m    [49m[43mkeep_default_na[49m[38;5;241;43m=[39;49m[43mkeep_default_na[49m[43m,[49m
[0;32m   1220[0m [43m    [49m[43mdisplayed_only[49m[38;5;241;43m=[39;49m[43mdisplayed_only[49m[43m,[49m
[0;32m   1221[0m [43m    [49m[43mextract_links[49m[38;5;241;43m=[39;49m[43mextract_links[49m[43m,[49m
[0;32m   1222[0m [43m[49m[43m)[49m

File [1;32m~\anaconda3\envs\jbook\lib\site-packages\pandas\io\html.py:982[0m, in [0;36m_parse[1;34m(flavor, io, match, attrs, encoding, displayed_only, extract_links, **kwargs)[0m
[0;32m    980[0m retained [38;5;241m=[39m [38;5;28;01mNone[39;00m
[0;32m    981[0m [38;5;28;01mfor[39;00m flav [38;5;129;01min[39;00m flavor:
[1;32m--> 982[0m     parser [38;5;241m=[39m [43m_parser_dispatch[49m[43m([49m[43mflav[49m[43m)[49m
[0;32m    983[0m     p [38;5;241m=[39m parser(io, compiled_match, attrs, encoding, displayed_only, extract_links)
[0;32m    985[0m     [38;5;28;01mtry[39;00m:

File [1;32m~\anaconda3\envs\jbook\lib\site-packages\pandas\io\html.py:939[0m, in [0;36m_parser_dispatch[1;34m(flavor)[0m
[0;32m    937[0m [38;5;28;01melse[39;00m:
[0;32m    938[0m     [38;5;28;01mif[39;00m [38;5;129;01mnot[39;00m _HAS_LXML:
[1;32m--> 939[0m         [38;5;28;01mraise[39;00m [38;5;167;01mImportError[39;00m([38;5;124m"[39m[38;5;124mlxml not found, please install it[39m[38;5;124m"[39m)
[0;32m    940[0m [38;5;28;01mreturn[39;00m _valid_parsers[flavor]

[1;31mImportError[0m: lxml not found, please install it

