Traceback (most recent call last):
  File "C:\Users\hatef\anaconda3\envs\jbook\lib\site-packages\jupyter_cache\executors\utils.py", line 58, in single_nb_execution
    executenb(
  File "C:\Users\hatef\anaconda3\envs\jbook\lib\site-packages\nbclient\client.py", line 1204, in execute
    return NotebookClient(nb=nb, resources=resources, km=km, **kwargs).execute()
  File "C:\Users\hatef\anaconda3\envs\jbook\lib\site-packages\nbclient\util.py", line 84, in wrapped
    return just_run(coro(*args, **kwargs))
  File "C:\Users\hatef\anaconda3\envs\jbook\lib\site-packages\nbclient\util.py", line 62, in just_run
    return loop.run_until_complete(coro)
  File "C:\Users\hatef\anaconda3\envs\jbook\lib\asyncio\base_events.py", line 616, in run_until_complete
    return future.result()
  File "C:\Users\hatef\anaconda3\envs\jbook\lib\site-packages\nbclient\client.py", line 663, in async_execute
    await self.async_execute_cell(
  File "C:\Users\hatef\anaconda3\envs\jbook\lib\site-packages\nbclient\client.py", line 965, in async_execute_cell
    await self._check_raise_for_error(cell, cell_index, exec_reply)
  File "C:\Users\hatef\anaconda3\envs\jbook\lib\site-packages\nbclient\client.py", line 862, in _check_raise_for_error
    raise CellExecutionError.from_cell_and_msg(cell, exec_reply_content)
nbclient.exceptions.CellExecutionError: An error occurred while executing the following cell:
------------------
# The orignal example is by Sklearn: 
# https://scikit-learn.org/stable/auto_examples/svm/plot_iris_svc.html

import matplotlib.pyplot as plt
from sklearn import datasets, svm
from sklearn.inspection import DecisionBoundaryDisplay
from matplotlib.colors import ListedColormap

# Set custom matplotlib styles
plt.rcParams.update({'axes.labelsize': 12, 'xtick.labelsize': 12,
                     'ytick.labelsize': 12, 'font.serif': ['Calibri']})

# Load Iris dataset
X, y = datasets.load_iris(return_X_y=True)
X = X[:, :2]

# Create subplots
fig, axes = plt.subplots(1, 2, figsize=(9.5, 4.5))

# Create SVM models and visualize decision boundaries
for ax, deg in zip(axes, [2, 3]):
    # Create SVM model
    clf = svm.SVC(kernel="poly", degree=deg, gamma="auto", C=1)
    clf.fit(X, y)
    
    # Data points scatter plot
    _ = ax.scatter(X[:, 0], X[:, 1], c=y, cmap=cmap_, s=40, edgecolors="k")
    
    # Decision boundary display
    disp = DecisionBoundaryDisplay.from_estimator(clf, X, response_method="predict", cmap=cmap_, alpha=0.2, ax=ax,
                                                  xlabel=datasets.load_iris().feature_names[0],
                                                  ylabel=datasets.load_iris().feature_names[1])

    # Set title
    _ = ax.set_title(f"SVC with polynomial kernel (degree {deg})", weight='bold')
    _ = ax.grid(False)
# Add a fancy title
plt.suptitle("SVM Polynomial Classifiers Comparison", fontsize=16, fontweight='bold')
# Adjust layout
plt.tight_layout()
------------------

[1;31m---------------------------------------------------------------------------[0m
[1;31mNameError[0m                                 Traceback (most recent call last)
Cell [1;32mIn[6], line 27[0m
[0;32m     24[0m clf[38;5;241m.[39mfit(X, y)
[0;32m     26[0m [38;5;66;03m# Data points scatter plot[39;00m
[1;32m---> 27[0m _ [38;5;241m=[39m ax[38;5;241m.[39mscatter(X[:, [38;5;241m0[39m], X[:, [38;5;241m1[39m], c[38;5;241m=[39my, cmap[38;5;241m=[39m[43mcmap_[49m, s[38;5;241m=[39m[38;5;241m40[39m, edgecolors[38;5;241m=[39m[38;5;124m"[39m[38;5;124mk[39m[38;5;124m"[39m)
[0;32m     29[0m [38;5;66;03m# Decision boundary display[39;00m
[0;32m     30[0m disp [38;5;241m=[39m DecisionBoundaryDisplay[38;5;241m.[39mfrom_estimator(clf, X, response_method[38;5;241m=[39m[38;5;124m"[39m[38;5;124mpredict[39m[38;5;124m"[39m, cmap[38;5;241m=[39mcmap_, alpha[38;5;241m=[39m[38;5;241m0.2[39m, ax[38;5;241m=[39max,
[0;32m     31[0m                                               xlabel[38;5;241m=[39mdatasets[38;5;241m.[39mload_iris()[38;5;241m.[39mfeature_names[[38;5;241m0[39m],
[0;32m     32[0m                                               ylabel[38;5;241m=[39mdatasets[38;5;241m.[39mload_iris()[38;5;241m.[39mfeature_names[[38;5;241m1[39m])

[1;31mNameError[0m: name 'cmap_' is not defined
NameError: name 'cmap_' is not defined

