Traceback (most recent call last):
  File "C:\Users\hatef\anaconda3\envs\jbook\lib\site-packages\jupyter_cache\executors\utils.py", line 58, in single_nb_execution
    executenb(
  File "C:\Users\hatef\anaconda3\envs\jbook\lib\site-packages\nbclient\client.py", line 1204, in execute
    return NotebookClient(nb=nb, resources=resources, km=km, **kwargs).execute()
  File "C:\Users\hatef\anaconda3\envs\jbook\lib\site-packages\nbclient\util.py", line 84, in wrapped
    return just_run(coro(*args, **kwargs))
  File "C:\Users\hatef\anaconda3\envs\jbook\lib\site-packages\nbclient\util.py", line 62, in just_run
    return loop.run_until_complete(coro)
  File "C:\Users\hatef\anaconda3\envs\jbook\lib\asyncio\base_events.py", line 616, in run_until_complete
    return future.result()
  File "C:\Users\hatef\anaconda3\envs\jbook\lib\site-packages\nbclient\client.py", line 663, in async_execute
    await self.async_execute_cell(
  File "C:\Users\hatef\anaconda3\envs\jbook\lib\site-packages\nbclient\client.py", line 965, in async_execute_cell
    await self._check_raise_for_error(cell, cell_index, exec_reply)
  File "C:\Users\hatef\anaconda3\envs\jbook\lib\site-packages\nbclient\client.py", line 862, in _check_raise_for_error
    raise CellExecutionError.from_cell_and_msg(cell, exec_reply_content)
nbclient.exceptions.CellExecutionError: An error occurred while executing the following cell:
------------------
df['Month Name'] = df.index.month_name()
Standard_Error = df.groupby(['Month', 'Month Name'])['Mean Temp (°C)'].std(ddof=1)\
                /np.sqrt(df.groupby(['Month'])['Mean Temp (°C)'].size())
Standard_Error = Standard_Error.to_frame('Standard Error')
display(Standard_Error)
------------------

[1;31m---------------------------------------------------------------------------[0m
[1;31mNameError[0m                                 Traceback (most recent call last)
Cell [1;32mIn[2], line 3[0m
[0;32m      1[0m df[[38;5;124m'[39m[38;5;124mMonth Name[39m[38;5;124m'[39m] [38;5;241m=[39m df[38;5;241m.[39mindex[38;5;241m.[39mmonth_name()
[0;32m      2[0m Standard_Error [38;5;241m=[39m df[38;5;241m.[39mgroupby([[38;5;124m'[39m[38;5;124mMonth[39m[38;5;124m'[39m, [38;5;124m'[39m[38;5;124mMonth Name[39m[38;5;124m'[39m])[[38;5;124m'[39m[38;5;124mMean Temp (°C)[39m[38;5;124m'[39m][38;5;241m.[39mstd(ddof[38;5;241m=[39m[38;5;241m1[39m)\
[1;32m----> 3[0m                 [38;5;241m/[39m[43mnp[49m[38;5;241m.[39msqrt(df[38;5;241m.[39mgroupby([[38;5;124m'[39m[38;5;124mMonth[39m[38;5;124m'[39m])[[38;5;124m'[39m[38;5;124mMean Temp (°C)[39m[38;5;124m'[39m][38;5;241m.[39msize())
[0;32m      4[0m Standard_Error [38;5;241m=[39m Standard_Error[38;5;241m.[39mto_frame([38;5;124m'[39m[38;5;124mStandard Error[39m[38;5;124m'[39m)
[0;32m      5[0m display(Standard_Error)

[1;31mNameError[0m: name 'np' is not defined
NameError: name 'np' is not defined

