Traceback (most recent call last):
  File "C:\Users\hatef\anaconda3\envs\jbook\lib\site-packages\jupyter_cache\executors\utils.py", line 58, in single_nb_execution
    executenb(
  File "C:\Users\hatef\anaconda3\envs\jbook\lib\site-packages\nbclient\client.py", line 1204, in execute
    return NotebookClient(nb=nb, resources=resources, km=km, **kwargs).execute()
  File "C:\Users\hatef\anaconda3\envs\jbook\lib\site-packages\nbclient\util.py", line 84, in wrapped
    return just_run(coro(*args, **kwargs))
  File "C:\Users\hatef\anaconda3\envs\jbook\lib\site-packages\nbclient\util.py", line 62, in just_run
    return loop.run_until_complete(coro)
  File "C:\Users\hatef\anaconda3\envs\jbook\lib\asyncio\base_events.py", line 616, in run_until_complete
    return future.result()
  File "C:\Users\hatef\anaconda3\envs\jbook\lib\site-packages\nbclient\client.py", line 663, in async_execute
    await self.async_execute_cell(
  File "C:\Users\hatef\anaconda3\envs\jbook\lib\site-packages\nbclient\client.py", line 965, in async_execute_cell
    await self._check_raise_for_error(cell, cell_index, exec_reply)
  File "C:\Users\hatef\anaconda3\envs\jbook\lib\site-packages\nbclient\client.py", line 862, in _check_raise_for_error
    raise CellExecutionError.from_cell_and_msg(cell, exec_reply_content)
nbclient.exceptions.CellExecutionError: An error occurred while executing the following cell:
------------------
# Create subplots
fig, ax = plt.subplots(1, 2, figsize=(9, 4.5),gridspec_kw = {'width_ratios':[.75,.25]})

# Plot default probabilities for Non-Students and Students
_ = ax[0].plot(X_test, predicted_proba_NotStudent[:, 1], color=CP['No'], label='Non-Student', lw = 1.5)
_ = ax[0].plot(X_test, predicted_proba_Student[:, 1], color=CP['Yes'], label='Student', lw = 1.5)
Temp = ax[0].get_xlim()

# Plot dashed lines for overall default rates
_ = ax[0].hlines(Group.loc['Yes', 'Yes'] / Group.loc['Yes', 'No'], color=CP['Yes'],
                 lw = 1.5, label='Overall Student', xmin=Temp[0], xmax=Temp[1], linestyles='dashed')
_ = ax[0].hlines(Group.loc['No', 'Yes'] / Group.loc['No', 'No'],
                 lw = 1.5, color=CP['No'], label='Overall Non-Student',  xmin=Temp[0], xmax=Temp[1], linestyles='dashed')
# Set common labels, ticks, and limits for the left plot
_ = ax[0].set(title='Default Probability vs. Credit Card Balance',
              ylabel='Default Rate', xlabel='Credit Card Balance',
              xlim = (X_test.min(), X_test.max()),
              yticks = list(np.round(np.linspace(0, 1, 6), 1))
                 )
_ = ax[0].legend(loc=2)
_ = ax[0].grid(False)

# Create a boxplot for Student vs. Non-Student balance
_ = sns.boxplot(x='Student', y='Balance', data=Default, orient='v', ax=ax[1], palette=CP)
# Set common labels and title for the right plot
_ = ax[1].set(title='Credit Card Balance Distribution for\nStudent vs. Non-Student',
              xlabel='Student', ylabel='Credit Card Balance')

# Adjust layout and display the plots
plt.tight_layout()
------------------

[1;31m---------------------------------------------------------------------------[0m
[1;31mNameError[0m                                 Traceback (most recent call last)
Cell [1;32mIn[11], line 5[0m
[0;32m      2[0m fig, ax [38;5;241m=[39m plt[38;5;241m.[39msubplots([38;5;241m1[39m, [38;5;241m2[39m, figsize[38;5;241m=[39m([38;5;241m9[39m, [38;5;241m4.5[39m),gridspec_kw [38;5;241m=[39m {[38;5;124m'[39m[38;5;124mwidth_ratios[39m[38;5;124m'[39m:[[38;5;241m.75[39m,[38;5;241m.25[39m]})
[0;32m      4[0m [38;5;66;03m# Plot default probabilities for Non-Students and Students[39;00m
[1;32m----> 5[0m _ [38;5;241m=[39m ax[[38;5;241m0[39m][38;5;241m.[39mplot([43mX_test[49m, predicted_proba_NotStudent[:, [38;5;241m1[39m], color[38;5;241m=[39mCP[[38;5;124m'[39m[38;5;124mNo[39m[38;5;124m'[39m], label[38;5;241m=[39m[38;5;124m'[39m[38;5;124mNon-Student[39m[38;5;124m'[39m, lw [38;5;241m=[39m [38;5;241m1.5[39m)
[0;32m      6[0m _ [38;5;241m=[39m ax[[38;5;241m0[39m][38;5;241m.[39mplot(X_test, predicted_proba_Student[:, [38;5;241m1[39m], color[38;5;241m=[39mCP[[38;5;124m'[39m[38;5;124mYes[39m[38;5;124m'[39m], label[38;5;241m=[39m[38;5;124m'[39m[38;5;124mStudent[39m[38;5;124m'[39m, lw [38;5;241m=[39m [38;5;241m1.5[39m)
[0;32m      7[0m Temp [38;5;241m=[39m ax[[38;5;241m0[39m][38;5;241m.[39mget_xlim()

[1;31mNameError[0m: name 'X_test' is not defined
NameError: name 'X_test' is not defined

