Traceback (most recent call last):
  File "C:\Users\hatef\anaconda3\envs\jbook\lib\site-packages\jupyter_cache\executors\utils.py", line 58, in single_nb_execution
    executenb(
  File "C:\Users\hatef\anaconda3\envs\jbook\lib\site-packages\nbclient\client.py", line 1204, in execute
    return NotebookClient(nb=nb, resources=resources, km=km, **kwargs).execute()
  File "C:\Users\hatef\anaconda3\envs\jbook\lib\site-packages\nbclient\util.py", line 84, in wrapped
    return just_run(coro(*args, **kwargs))
  File "C:\Users\hatef\anaconda3\envs\jbook\lib\site-packages\nbclient\util.py", line 62, in just_run
    return loop.run_until_complete(coro)
  File "C:\Users\hatef\anaconda3\envs\jbook\lib\asyncio\base_events.py", line 616, in run_until_complete
    return future.result()
  File "C:\Users\hatef\anaconda3\envs\jbook\lib\site-packages\nbclient\client.py", line 663, in async_execute
    await self.async_execute_cell(
  File "C:\Users\hatef\anaconda3\envs\jbook\lib\site-packages\nbclient\client.py", line 965, in async_execute_cell
    await self._check_raise_for_error(cell, cell_index, exec_reply)
  File "C:\Users\hatef\anaconda3\envs\jbook\lib\site-packages\nbclient\client.py", line 862, in _check_raise_for_error
    raise CellExecutionError.from_cell_and_msg(cell, exec_reply_content)
nbclient.exceptions.CellExecutionError: An error occurred while executing the following cell:
------------------
#### Count plot for all discrete features
discrete_columns_list = ['Cylinders', 'Model Year', 'Origin']
plt.figure(figsize = (15, 3))
for i in range(len(discrete_columns_list)):
    plt.subplot(1, 3, i+1)
    sns.countplot(dataset[discrete_columns_list[i]], 
                  order = dataset[discrete_columns_list[i]].value_counts().index, 
                  palette='Blues_r')
    plt.title(discrete_columns_list[i], fontweight="bold")
    plt.xlabel('')
------------------

[1;31m---------------------------------------------------------------------------[0m
[1;31mValueError[0m                                Traceback (most recent call last)
Cell [1;32mIn[10], line 6[0m
[0;32m      4[0m [38;5;28;01mfor[39;00m i [38;5;129;01min[39;00m [38;5;28mrange[39m([38;5;28mlen[39m(discrete_columns_list)):
[0;32m      5[0m     plt[38;5;241m.[39msubplot([38;5;241m1[39m, [38;5;241m3[39m, i[38;5;241m+[39m[38;5;241m1[39m)
[1;32m----> 6[0m     [43msns[49m[38;5;241;43m.[39;49m[43mcountplot[49m[43m([49m[43mdataset[49m[43m[[49m[43mdiscrete_columns_list[49m[43m[[49m[43mi[49m[43m][49m[43m][49m[43m,[49m[43m [49m
[0;32m      7[0m [43m                  [49m[43morder[49m[43m [49m[38;5;241;43m=[39;49m[43m [49m[43mdataset[49m[43m[[49m[43mdiscrete_columns_list[49m[43m[[49m[43mi[49m[43m][49m[43m][49m[38;5;241;43m.[39;49m[43mvalue_counts[49m[43m([49m[43m)[49m[38;5;241;43m.[39;49m[43mindex[49m[43m,[49m[43m [49m
[0;32m      8[0m [43m                  [49m[43mpalette[49m[38;5;241;43m=[39;49m[38;5;124;43m'[39;49m[38;5;124;43mBlues_r[39;49m[38;5;124;43m'[39;49m[43m)[49m
[0;32m      9[0m     plt[38;5;241m.[39mtitle(discrete_columns_list[i], fontweight[38;5;241m=[39m[38;5;124m"[39m[38;5;124mbold[39m[38;5;124m"[39m)
[0;32m     10[0m     plt[38;5;241m.[39mxlabel([38;5;124m'[39m[38;5;124m'[39m)

File [1;32m~\anaconda3\envs\jbook\lib\site-packages\seaborn\categorical.py:2943[0m, in [0;36mcountplot[1;34m(data, x, y, hue, order, hue_order, orient, color, palette, saturation, width, dodge, ax, **kwargs)[0m
[0;32m   2940[0m [38;5;28;01melif[39;00m x [38;5;129;01mis[39;00m [38;5;129;01mnot[39;00m [38;5;28;01mNone[39;00m [38;5;129;01mand[39;00m y [38;5;129;01mis[39;00m [38;5;129;01mnot[39;00m [38;5;28;01mNone[39;00m:
[0;32m   2941[0m     [38;5;28;01mraise[39;00m [38;5;167;01mValueError[39;00m([38;5;124m"[39m[38;5;124mCannot pass values for both `x` and `y`[39m[38;5;124m"[39m)
[1;32m-> 2943[0m plotter [38;5;241m=[39m [43m_CountPlotter[49m[43m([49m
[0;32m   2944[0m [43m    [49m[43mx[49m[43m,[49m[43m [49m[43my[49m[43m,[49m[43m [49m[43mhue[49m[43m,[49m[43m [49m[43mdata[49m[43m,[49m[43m [49m[43morder[49m[43m,[49m[43m [49m[43mhue_order[49m[43m,[49m
[0;32m   2945[0m [43m    [49m[43mestimator[49m[43m,[49m[43m [49m[43merrorbar[49m[43m,[49m[43m [49m[43mn_boot[49m[43m,[49m[43m [49m[43munits[49m[43m,[49m[43m [49m[43mseed[49m[43m,[49m
[0;32m   2946[0m [43m    [49m[43morient[49m[43m,[49m[43m [49m[43mcolor[49m[43m,[49m[43m [49m[43mpalette[49m[43m,[49m[43m [49m[43msaturation[49m[43m,[49m
[0;32m   2947[0m [43m    [49m[43mwidth[49m[43m,[49m[43m [49m[43merrcolor[49m[43m,[49m[43m [49m[43merrwidth[49m[43m,[49m[43m [49m[43mcapsize[49m[43m,[49m[43m [49m[43mdodge[49m
[0;32m   2948[0m [43m[49m[43m)[49m
[0;32m   2950[0m plotter[38;5;241m.[39mvalue_label [38;5;241m=[39m [38;5;124m"[39m[38;5;124mcount[39m[38;5;124m"[39m
[0;32m   2952[0m [38;5;28;01mif[39;00m ax [38;5;129;01mis[39;00m [38;5;28;01mNone[39;00m:

File [1;32m~\anaconda3\envs\jbook\lib\site-packages\seaborn\categorical.py:1530[0m, in [0;36m_BarPlotter.__init__[1;34m(self, x, y, hue, data, order, hue_order, estimator, errorbar, n_boot, units, seed, orient, color, palette, saturation, width, errcolor, errwidth, capsize, dodge)[0m
[0;32m   1525[0m [38;5;28;01mdef[39;00m [38;5;21m__init__[39m([38;5;28mself[39m, x, y, hue, data, order, hue_order,
[0;32m   1526[0m              estimator, errorbar, n_boot, units, seed,
[0;32m   1527[0m              orient, color, palette, saturation, width,
[0;32m   1528[0m              errcolor, errwidth, capsize, dodge):
[0;32m   1529[0m [38;5;250m    [39m[38;5;124;03m"""Initialize the plotter."""[39;00m
[1;32m-> 1530[0m     [38;5;28;43mself[39;49m[38;5;241;43m.[39;49m[43mestablish_variables[49m[43m([49m[43mx[49m[43m,[49m[43m [49m[43my[49m[43m,[49m[43m [49m[43mhue[49m[43m,[49m[43m [49m[43mdata[49m[43m,[49m[43m [49m[43morient[49m[43m,[49m
[0;32m   1531[0m [43m                             [49m[43morder[49m[43m,[49m[43m [49m[43mhue_order[49m[43m,[49m[43m [49m[43munits[49m[43m)[49m
[0;32m   1532[0m     [38;5;28mself[39m[38;5;241m.[39mestablish_colors(color, palette, saturation)
[0;32m   1533[0m     [38;5;28mself[39m[38;5;241m.[39mestimate_statistic(estimator, errorbar, n_boot, seed)

File [1;32m~\anaconda3\envs\jbook\lib\site-packages\seaborn\categorical.py:481[0m, in [0;36m_CategoricalPlotter.establish_variables[1;34m(self, x, y, hue, data, orient, order, hue_order, units)[0m
[0;32m    479[0m [38;5;28;01mif[39;00m order [38;5;129;01mis[39;00m [38;5;129;01mnot[39;00m [38;5;28;01mNone[39;00m:
[0;32m    480[0m     error [38;5;241m=[39m [38;5;124m"[39m[38;5;124mInput data must be a pandas object to reorder[39m[38;5;124m"[39m
[1;32m--> 481[0m     [38;5;28;01mraise[39;00m [38;5;167;01mValueError[39;00m(error)
[0;32m    483[0m [38;5;66;03m# The input data is an array[39;00m
[0;32m    484[0m [38;5;28;01mif[39;00m [38;5;28mhasattr[39m(data, [38;5;124m"[39m[38;5;124mshape[39m[38;5;124m"[39m):

[1;31mValueError[0m: Input data must be a pandas object to reorder
ValueError: Input data must be a pandas object to reorder

