Traceback (most recent call last):
  File "C:\Users\hatef\anaconda3\envs\jbook_env\lib\site-packages\jupyter_cache\executors\utils.py", line 51, in single_nb_execution
    executenb(
  File "C:\Users\hatef\anaconda3\envs\jbook_env\lib\site-packages\nbclient\client.py", line 1204, in execute
    return NotebookClient(nb=nb, resources=resources, km=km, **kwargs).execute()
  File "C:\Users\hatef\anaconda3\envs\jbook_env\lib\site-packages\nbclient\util.py", line 84, in wrapped
    return just_run(coro(*args, **kwargs))
  File "C:\Users\hatef\anaconda3\envs\jbook_env\lib\site-packages\nbclient\util.py", line 62, in just_run
    return loop.run_until_complete(coro)
  File "C:\Users\hatef\anaconda3\envs\jbook_env\lib\asyncio\base_events.py", line 647, in run_until_complete
    return future.result()
  File "C:\Users\hatef\anaconda3\envs\jbook_env\lib\site-packages\nbclient\client.py", line 663, in async_execute
    await self.async_execute_cell(
  File "C:\Users\hatef\anaconda3\envs\jbook_env\lib\site-packages\nbclient\client.py", line 965, in async_execute_cell
    await self._check_raise_for_error(cell, cell_index, exec_reply)
  File "C:\Users\hatef\anaconda3\envs\jbook_env\lib\site-packages\nbclient\client.py", line 862, in _check_raise_for_error
    raise CellExecutionError.from_cell_and_msg(cell, exec_reply_content)
nbclient.exceptions.CellExecutionError: An error occurred while executing the following cell:
------------------
data = Regula_falsi(f, a, b, Nmax = 20, TOL = 1e-4)
display(data.style.format({'fcn': "{:.4e}"}))
hd.it_method_plot(data, title = 'Regula falsi')
hd.root_plot(f, a, b, [data.an.values[:-1], data.an.values[-1]], ['an', 'root'])
------------------

[1;31m---------------------------------------------------------------------------[0m
[1;31mNameError[0m                                 Traceback (most recent call last)
Input [1;32mIn [8][0m, in [0;36m<cell line: 1>[1;34m()[0m
[1;32m----> 1[0m data [38;5;241m=[39m [43mRegula_falsi[49m[43m([49m[43mf[49m[43m,[49m[43m [49m[43ma[49m[43m,[49m[43m [49m[43mb[49m[43m,[49m[43m [49m[43mNmax[49m[43m [49m[38;5;241;43m=[39;49m[43m [49m[38;5;241;43m20[39;49m[43m,[49m[43m [49m[43mTOL[49m[43m [49m[38;5;241;43m=[39;49m[43m [49m[38;5;241;43m1e-4[39;49m[43m)[49m
[0;32m      2[0m display(data[38;5;241m.[39mstyle[38;5;241m.[39mformat({[38;5;124m'[39m[38;5;124mfcn[39m[38;5;124m'[39m: [38;5;124m"[39m[38;5;132;01m{:.4e}[39;00m[38;5;124m"[39m}))
[0;32m      3[0m hd[38;5;241m.[39mit_method_plot(data, title [38;5;241m=[39m [38;5;124m'[39m[38;5;124mRegula falsi[39m[38;5;124m'[39m)

Input [1;32mIn [7][0m, in [0;36mRegula_falsi[1;34m(f, a, b, Nmax, TOL, Frame)[0m
[0;32m     10[0m [38;5;66;03m# let c_n be a point in (a_n, b_n)[39;00m
[0;32m     11[0m Nmax[38;5;241m=[39mNmax[38;5;241m+[39m[38;5;241m1[39m
[1;32m---> 12[0m an[38;5;241m=[39m[43mnp[49m[38;5;241m.[39mzeros(Nmax, dtype[38;5;241m=[39m[38;5;28mfloat[39m)
[0;32m     13[0m bn[38;5;241m=[39mnp[38;5;241m.[39mzeros(Nmax, dtype[38;5;241m=[39m[38;5;28mfloat[39m)
[0;32m     14[0m cn[38;5;241m=[39mnp[38;5;241m.[39mzeros(Nmax, dtype[38;5;241m=[39m[38;5;28mfloat[39m)

[1;31mNameError[0m: name 'np' is not defined
NameError: name 'np' is not defined

