Traceback (most recent call last):
  File "C:\Users\hatef\anaconda3\envs\jbook_env\lib\site-packages\jupyter_cache\executors\utils.py", line 51, in single_nb_execution
    executenb(
  File "C:\Users\hatef\anaconda3\envs\jbook_env\lib\site-packages\nbclient\client.py", line 1204, in execute
    return NotebookClient(nb=nb, resources=resources, km=km, **kwargs).execute()
  File "C:\Users\hatef\anaconda3\envs\jbook_env\lib\site-packages\nbclient\util.py", line 84, in wrapped
    return just_run(coro(*args, **kwargs))
  File "C:\Users\hatef\anaconda3\envs\jbook_env\lib\site-packages\nbclient\util.py", line 62, in just_run
    return loop.run_until_complete(coro)
  File "C:\Users\hatef\anaconda3\envs\jbook_env\lib\asyncio\base_events.py", line 647, in run_until_complete
    return future.result()
  File "C:\Users\hatef\anaconda3\envs\jbook_env\lib\site-packages\nbclient\client.py", line 663, in async_execute
    await self.async_execute_cell(
  File "C:\Users\hatef\anaconda3\envs\jbook_env\lib\site-packages\nbclient\client.py", line 965, in async_execute_cell
    await self._check_raise_for_error(cell, cell_index, exec_reply)
  File "C:\Users\hatef\anaconda3\envs\jbook_env\lib\site-packages\nbclient\client.py", line 862, in _check_raise_for_error
    raise CellExecutionError.from_cell_and_msg(cell, exec_reply_content)
nbclient.exceptions.CellExecutionError: An error occurred while executing the following cell:
------------------
import numpy as np
import pandas as pd
f = lambda x: 3*x*np.exp(x) - np.cos(x) + np.sin(x)

a = 0
b = 1
h = 0.1
print('h = %.2f' % h)
t = 0.5

p = hd.derivative_method_plot(f, a, b, h)
p.scatter([t], [f(t)], color = 'Lime', fill_alpha=0.4, legend_label = '(t, f(t))', size = 12)
bokeh.plotting.show(p)
------------------

[1;31m---------------------------------------------------------------------------[0m
[1;31mNameError[0m                                 Traceback (most recent call last)
Input [1;32mIn [2][0m, in [0;36m<cell line: 13>[1;34m()[0m
[0;32m     11[0m p [38;5;241m=[39m hd[38;5;241m.[39mderivative_method_plot(f, a, b, h)
[0;32m     12[0m p[38;5;241m.[39mscatter([t], [f(t)], color [38;5;241m=[39m [38;5;124m'[39m[38;5;124mLime[39m[38;5;124m'[39m, fill_alpha[38;5;241m=[39m[38;5;241m0.4[39m, legend_label [38;5;241m=[39m [38;5;124m'[39m[38;5;124m(t, f(t))[39m[38;5;124m'[39m, size [38;5;241m=[39m [38;5;241m12[39m)
[1;32m---> 13[0m [43mbokeh[49m[38;5;241m.[39mplotting[38;5;241m.[39mshow(p)

[1;31mNameError[0m: name 'bokeh' is not defined
NameError: name 'bokeh' is not defined

