Traceback (most recent call last):
  File "C:\Users\hatef\anaconda3\envs\jbook_env\lib\site-packages\jupyter_cache\executors\utils.py", line 51, in single_nb_execution
    executenb(
  File "C:\Users\hatef\anaconda3\envs\jbook_env\lib\site-packages\nbclient\client.py", line 1204, in execute
    return NotebookClient(nb=nb, resources=resources, km=km, **kwargs).execute()
  File "C:\Users\hatef\anaconda3\envs\jbook_env\lib\site-packages\nbclient\util.py", line 84, in wrapped
    return just_run(coro(*args, **kwargs))
  File "C:\Users\hatef\anaconda3\envs\jbook_env\lib\site-packages\nbclient\util.py", line 62, in just_run
    return loop.run_until_complete(coro)
  File "C:\Users\hatef\anaconda3\envs\jbook_env\lib\asyncio\base_events.py", line 647, in run_until_complete
    return future.result()
  File "C:\Users\hatef\anaconda3\envs\jbook_env\lib\site-packages\nbclient\client.py", line 663, in async_execute
    await self.async_execute_cell(
  File "C:\Users\hatef\anaconda3\envs\jbook_env\lib\site-packages\nbclient\client.py", line 965, in async_execute_cell
    await self._check_raise_for_error(cell, cell_index, exec_reply)
  File "C:\Users\hatef\anaconda3\envs\jbook_env\lib\site-packages\nbclient\client.py", line 862, in _check_raise_for_error
    raise CellExecutionError.from_cell_and_msg(cell, exec_reply_content)
nbclient.exceptions.CellExecutionError: An error occurred while executing the following cell:
------------------
f = lambda x: np.exp(x**2) - 1
Df = lambda x: 2*x*np.exp(x**2)
# Newton method
data = Newton_method_mod(f, Df, x0 = -2, TOL = 1e-4, Nmax = 20)
Newtons_Method_Figs(data, Name = 'Newton Method', YL = [-1, 60], CL = 'OrangeRed')
# Newton method modified
data = Newton_method_mod(f, Df, m = 2, x0 = -2, TOL = 1e-4, Nmax = 20)
Newtons_Method_Figs(data, Name = 'Newton Method (Modified)', YL = [-1, 60], CL = 'Orchid')
------------------

[1;31m---------------------------------------------------------------------------[0m
[1;31mNameError[0m                                 Traceback (most recent call last)
Input [1;32mIn [6][0m, in [0;36m<cell line: 5>[1;34m()[0m
[0;32m      3[0m [38;5;66;03m# Newton method[39;00m
[0;32m      4[0m data [38;5;241m=[39m Newton_method_mod(f, Df, x0 [38;5;241m=[39m [38;5;241m-[39m[38;5;241m2[39m, TOL [38;5;241m=[39m [38;5;241m1e-4[39m, Nmax [38;5;241m=[39m [38;5;241m20[39m)
[1;32m----> 5[0m [43mNewtons_Method_Figs[49m(data, Name [38;5;241m=[39m [38;5;124m'[39m[38;5;124mNewton Method[39m[38;5;124m'[39m, YL [38;5;241m=[39m [[38;5;241m-[39m[38;5;241m1[39m, [38;5;241m60[39m], CL [38;5;241m=[39m [38;5;124m'[39m[38;5;124mOrangeRed[39m[38;5;124m'[39m)
[0;32m      6[0m [38;5;66;03m# Newton method modified[39;00m
[0;32m      7[0m data [38;5;241m=[39m Newton_method_mod(f, Df, m [38;5;241m=[39m [38;5;241m2[39m, x0 [38;5;241m=[39m [38;5;241m-[39m[38;5;241m2[39m, TOL [38;5;241m=[39m [38;5;241m1e-4[39m, Nmax [38;5;241m=[39m [38;5;241m20[39m)

[1;31mNameError[0m: name 'Newtons_Method_Figs' is not defined
NameError: name 'Newtons_Method_Figs' is not defined

