Traceback (most recent call last):
  File "C:\Users\hatef\anaconda3\envs\jbook_env\lib\site-packages\jupyter_cache\executors\utils.py", line 51, in single_nb_execution
    executenb(
  File "C:\Users\hatef\anaconda3\envs\jbook_env\lib\site-packages\nbclient\client.py", line 1204, in execute
    return NotebookClient(nb=nb, resources=resources, km=km, **kwargs).execute()
  File "C:\Users\hatef\anaconda3\envs\jbook_env\lib\site-packages\nbclient\util.py", line 84, in wrapped
    return just_run(coro(*args, **kwargs))
  File "C:\Users\hatef\anaconda3\envs\jbook_env\lib\site-packages\nbclient\util.py", line 62, in just_run
    return loop.run_until_complete(coro)
  File "C:\Users\hatef\anaconda3\envs\jbook_env\lib\asyncio\base_events.py", line 647, in run_until_complete
    return future.result()
  File "C:\Users\hatef\anaconda3\envs\jbook_env\lib\site-packages\nbclient\client.py", line 663, in async_execute
    await self.async_execute_cell(
  File "C:\Users\hatef\anaconda3\envs\jbook_env\lib\site-packages\nbclient\client.py", line 965, in async_execute_cell
    await self._check_raise_for_error(cell, cell_index, exec_reply)
  File "C:\Users\hatef\anaconda3\envs\jbook_env\lib\site-packages\nbclient\client.py", line 862, in _check_raise_for_error
    raise CellExecutionError.from_cell_and_msg(cell, exec_reply_content)
nbclient.exceptions.CellExecutionError: An error occurred while executing the following cell:
------------------
data = Secant_Method(f = lambda x: x**3 - x - 2, x = np.array([.2, .5]))

display(data.style.format({'fxn': "{:.4e}"}))
hd.it_method_plot(data, title = 'Secant Method', ycol = 'fxn', ycol_label = 'f(xn)', color = 'Purple')
------------------

[1;31m---------------------------------------------------------------------------[0m
[1;31mTypeError[0m                                 Traceback (most recent call last)
Input [1;32mIn [3][0m, in [0;36m<cell line: 4>[1;34m()[0m
[0;32m      1[0m data [38;5;241m=[39m Secant_Method(f [38;5;241m=[39m [38;5;28;01mlambda[39;00m x: x[38;5;241m*[39m[38;5;241m*[39m[38;5;241m3[39m [38;5;241m-[39m x [38;5;241m-[39m [38;5;241m2[39m, x [38;5;241m=[39m np[38;5;241m.[39marray([[38;5;241m.2[39m, [38;5;241m.5[39m]))
[0;32m      3[0m display(data[38;5;241m.[39mstyle[38;5;241m.[39mformat({[38;5;124m'[39m[38;5;124mfxn[39m[38;5;124m'[39m: [38;5;124m"[39m[38;5;132;01m{:.4e}[39;00m[38;5;124m"[39m}))
[1;32m----> 4[0m [43mhd[49m[38;5;241;43m.[39;49m[43mit_method_plot[49m[43m([49m[43mdata[49m[43m,[49m[43m [49m[43mtitle[49m[43m [49m[38;5;241;43m=[39;49m[43m [49m[38;5;124;43m'[39;49m[38;5;124;43mSecant Method[39;49m[38;5;124;43m'[39;49m[43m,[49m[43m [49m[43mycol[49m[43m [49m[38;5;241;43m=[39;49m[43m [49m[38;5;124;43m'[39;49m[38;5;124;43mfxn[39;49m[38;5;124;43m'[39;49m[43m,[49m[43m [49m[43mycol_label[49m[43m [49m[38;5;241;43m=[39;49m[43m [49m[38;5;124;43m'[39;49m[38;5;124;43mf(xn)[39;49m[38;5;124;43m'[39;49m[43m,[49m[43m [49m[43mcolor[49m[43m [49m[38;5;241;43m=[39;49m[43m [49m[38;5;124;43m'[39;49m[38;5;124;43mPurple[39;49m[38;5;124;43m'[39;49m[43m)[49m

[1;31mTypeError[0m: it_method_plot() got an unexpected keyword argument 'ycol_label'
TypeError: it_method_plot() got an unexpected keyword argument 'ycol_label'

