Traceback (most recent call last):
  File "C:\Users\hatef\anaconda3\envs\jbook\lib\site-packages\jupyter_cache\executors\utils.py", line 58, in single_nb_execution
    executenb(
  File "C:\Users\hatef\anaconda3\envs\jbook\lib\site-packages\nbclient\client.py", line 1305, in execute
    return NotebookClient(nb=nb, resources=resources, km=km, **kwargs).execute()
  File "C:\Users\hatef\anaconda3\envs\jbook\lib\site-packages\jupyter_core\utils\__init__.py", line 166, in wrapped
    return loop.run_until_complete(inner)
  File "C:\Users\hatef\anaconda3\envs\jbook\lib\asyncio\base_events.py", line 647, in run_until_complete
    return future.result()
  File "C:\Users\hatef\anaconda3\envs\jbook\lib\site-packages\nbclient\client.py", line 705, in async_execute
    await self.async_execute_cell(
  File "C:\Users\hatef\anaconda3\envs\jbook\lib\site-packages\nbclient\client.py", line 1058, in async_execute_cell
    await self._check_raise_for_error(cell, cell_index, exec_reply)
  File "C:\Users\hatef\anaconda3\envs\jbook\lib\site-packages\nbclient\client.py", line 914, in _check_raise_for_error
    raise CellExecutionError.from_cell_and_msg(cell, exec_reply_content)
nbclient.exceptions.CellExecutionError: An error occurred while executing the following cell:
------------------
# numpy
import numpy as np
# matplotlib
import matplotlib.pyplot as plt
%matplotlib inline
plt.style.use('seaborn-white')

x = np.linspace( -10 , 10 ,100)
fig, ax = plt.subplots(nrows=1, ncols=1, figsize=(6, 6), sharex = False)
_ = ax.plot(x, -x, color='r', label='x + y = 0')
_ = ax.plot(x, x, color='b', label='x - y = 0')
_ = ax.set_xlabel('x', fontsize=18)
_ = ax.set_ylabel('y', fontsize=18)
_ = ax.legend(loc='best', bbox_to_anchor=(1.01, 0., 0.2, 0.6))
_ = ax.set_xlim([min(x),max(x)])
_ = ax.set_ylim([min(x),max(x)])
_ = ax.grid(True, which='both')
_ = ax.axhline(y=0, color='k')
_ = ax.axvline(x=0, color='k')
------------------


[1;31m---------------------------------------------------------------------------[0m
[1;31mModuleNotFoundError[0m                       Traceback (most recent call last)
Cell [1;32mIn[1], line 2[0m
[0;32m      1[0m [38;5;66;03m# numpy[39;00m
[1;32m----> 2[0m [38;5;28;01mimport[39;00m [38;5;21;01mnumpy[39;00m [38;5;28;01mas[39;00m [38;5;21;01mnp[39;00m
[0;32m      3[0m [38;5;66;03m# matplotlib[39;00m
[0;32m      4[0m [38;5;28;01mimport[39;00m [38;5;21;01mmatplotlib[39;00m[38;5;21;01m.[39;00m[38;5;21;01mpyplot[39;00m [38;5;28;01mas[39;00m [38;5;21;01mplt[39;00m

[1;31mModuleNotFoundError[0m: No module named 'numpy'

