Traceback (most recent call last):
  File "C:\Users\hatef\anaconda3\envs\jbook\lib\site-packages\jupyter_cache\executors\utils.py", line 58, in single_nb_execution
    executenb(
  File "C:\Users\hatef\anaconda3\envs\jbook\lib\site-packages\nbclient\client.py", line 1204, in execute
    return NotebookClient(nb=nb, resources=resources, km=km, **kwargs).execute()
  File "C:\Users\hatef\anaconda3\envs\jbook\lib\site-packages\nbclient\util.py", line 84, in wrapped
    return just_run(coro(*args, **kwargs))
  File "C:\Users\hatef\anaconda3\envs\jbook\lib\site-packages\nbclient\util.py", line 62, in just_run
    return loop.run_until_complete(coro)
  File "C:\Users\hatef\anaconda3\envs\jbook\lib\asyncio\base_events.py", line 616, in run_until_complete
    return future.result()
  File "C:\Users\hatef\anaconda3\envs\jbook\lib\site-packages\nbclient\client.py", line 663, in async_execute
    await self.async_execute_cell(
  File "C:\Users\hatef\anaconda3\envs\jbook\lib\site-packages\nbclient\client.py", line 965, in async_execute_cell
    await self._check_raise_for_error(cell, cell_index, exec_reply)
  File "C:\Users\hatef\anaconda3\envs\jbook\lib\site-packages\nbclient\client.py", line 862, in _check_raise_for_error
    raise CellExecutionError.from_cell_and_msg(cell, exec_reply_content)
nbclient.exceptions.CellExecutionError: An error occurred while executing the following cell:
------------------
# This part is used for producing tables and figures
import sys
sys.path.insert(0,'..')
import hd_tools as hd
import numpy as np
from hd_Interpolation_Algorithms import NewtonPoly, NewtonCoeff

# A set of distinct points
xn = np.array ([-2, 1 , 3 , 5 , 6, 7])
yn = np.array ([-5, -3 ,-1 , 1 , 4, 10])

_, Table = NewtonCoeff(xn, yn, Frame = True)
display(Table.style.set_properties(subset=['xi', 'yi'], **{'background-color': 'black', 'color': 'PaleGreen',
       'border-color': 'DarkGreen'}).format(dict(zip(Table.columns.tolist(),len(Table.columns)*["{:.4f}"]))))
x = np.linspace( xn.min()-1 , xn.max()+1 ,100)
y = NewtonPoly( x , xn , yn )
hd.interpolation_method_plot(xn, yn, x, y, title = 'Newton Method')
------------------

[1;31m---------------------------------------------------------------------------[0m
[1;31mModuleNotFoundError[0m                       Traceback (most recent call last)
Cell [1;32mIn[1], line 4[0m
[0;32m      2[0m [38;5;28;01mimport[39;00m [38;5;21;01msys[39;00m
[0;32m      3[0m sys[38;5;241m.[39mpath[38;5;241m.[39minsert([38;5;241m0[39m,[38;5;124m'[39m[38;5;124m..[39m[38;5;124m'[39m)
[1;32m----> 4[0m [38;5;28;01mimport[39;00m [38;5;21;01mhd_tools[39;00m [38;5;28;01mas[39;00m [38;5;21;01mhd[39;00m
[0;32m      5[0m [38;5;28;01mimport[39;00m [38;5;21;01mnumpy[39;00m [38;5;28;01mas[39;00m [38;5;21;01mnp[39;00m
[0;32m      6[0m [38;5;28;01mfrom[39;00m [38;5;21;01mhd_Interpolation_Algorithms[39;00m [38;5;28;01mimport[39;00m NewtonPoly, NewtonCoeff

File [1;32m~\Jupyter_Notebooks\Notes\Numerical_Analysis\chapter_03\..\hd_tools.py:6[0m
[0;32m      4[0m [38;5;66;03m# import pandas as pd[39;00m
[0;32m      5[0m [38;5;28;01mimport[39;00m [38;5;21;01mnumpy[39;00m [38;5;28;01mas[39;00m [38;5;21;01mnp[39;00m
[1;32m----> 6[0m [38;5;28;01mimport[39;00m [38;5;21;01mbokeh[39;00m
[0;32m      7[0m [38;5;66;03m# from bokeh.plotting import figure, show, output_notebook[39;00m
[0;32m      8[0m [38;5;28;01mfrom[39;00m [38;5;21;01mbokeh[39;00m[38;5;21;01m.[39;00m[38;5;21;01mplotting[39;00m [38;5;28;01mimport[39;00m output_notebook

[1;31mModuleNotFoundError[0m: No module named 'bokeh'
ModuleNotFoundError: No module named 'bokeh'

