Traceback (most recent call last):
  File "C:\Users\hatef\anaconda3\envs\jbook\lib\site-packages\jupyter_cache\executors\utils.py", line 58, in single_nb_execution
    executenb(
  File "C:\Users\hatef\anaconda3\envs\jbook\lib\site-packages\nbclient\client.py", line 1204, in execute
    return NotebookClient(nb=nb, resources=resources, km=km, **kwargs).execute()
  File "C:\Users\hatef\anaconda3\envs\jbook\lib\site-packages\nbclient\util.py", line 84, in wrapped
    return just_run(coro(*args, **kwargs))
  File "C:\Users\hatef\anaconda3\envs\jbook\lib\site-packages\nbclient\util.py", line 62, in just_run
    return loop.run_until_complete(coro)
  File "C:\Users\hatef\anaconda3\envs\jbook\lib\asyncio\base_events.py", line 616, in run_until_complete
    return future.result()
  File "C:\Users\hatef\anaconda3\envs\jbook\lib\site-packages\nbclient\client.py", line 663, in async_execute
    await self.async_execute_cell(
  File "C:\Users\hatef\anaconda3\envs\jbook\lib\site-packages\nbclient\client.py", line 965, in async_execute_cell
    await self._check_raise_for_error(cell, cell_index, exec_reply)
  File "C:\Users\hatef\anaconda3\envs\jbook\lib\site-packages\nbclient\client.py", line 862, in _check_raise_for_error
    raise CellExecutionError.from_cell_and_msg(cell, exec_reply_content)
nbclient.exceptions.CellExecutionError: An error occurred while executing the following cell:
------------------
# Create a figure and axis for the plot
fig, ax = plt.subplots(1, 1, figsize=(8, 5))

# Define tick positions and limits for the plot
xticks = [0, horsepower, 230]
yticks = [2, 3, 4]
xlim = [-5, 245]
ylim = [1.8, 4.2]

# Create a scatter plot of data points
_ = ax.scatter(X['Horsepower'], y, marker='o', facecolor='DodgerBlue', edgecolor='Navy', alpha=0.3)

# Set labels, ticks, and limits for the axes
_ = ax.set(xlabel='Horsepower', ylabel='MPG', xticks=xticks, yticks=yticks, xlim=xlim, ylim=ylim)

# Add a vertical dashed line at x = 4.5
_ = ax.vlines(xticks[1], ylim[0], ylim[1], linestyles='dashed', linewidth=2, colors='Black')

# Add horizontal dashed lines for mean values
_ = ax.hlines(mean_value_node1, xlim[0], xticks[1], linestyles='dashed', linewidth=2, colors='Red')
_ = ax.hlines(mean_value_node2, xticks[1], xlim[-1], linestyles='dashed', linewidth=2, colors='Red')

# Annotations for the regions
_ = ax.annotate(r'$\mathbf{R_1}$', xy=(20, 3), fontsize=30)
_ = ax.annotate(r'$\mathbf{R_2}$', xy=(160, 3), fontsize=30)

# Fill regions with different colors
_ = ax.fill_between([xlim[0], xticks[1]], ylim[0], ylim[1], color='LimeGreen', alpha=0.1)
_ = ax.fill_between([xticks[1], xlim[-1]], ylim[0], ylim[1], color='purple', alpha=0.1)

# Add a grid to the plot
_ = ax.grid(True)

# Ensure a tight layout for the plot
plt.tight_layout()
------------------

[1;31m---------------------------------------------------------------------------[0m
[1;31mNameError[0m                                 Traceback (most recent call last)
Cell [1;32mIn[5], line 5[0m
[0;32m      2[0m fig, ax [38;5;241m=[39m plt[38;5;241m.[39msubplots([38;5;241m1[39m, [38;5;241m1[39m, figsize[38;5;241m=[39m([38;5;241m8[39m, [38;5;241m5[39m))
[0;32m      4[0m [38;5;66;03m# Define tick positions and limits for the plot[39;00m
[1;32m----> 5[0m xticks [38;5;241m=[39m [[38;5;241m0[39m, [43mhorsepower[49m, [38;5;241m230[39m]
[0;32m      6[0m yticks [38;5;241m=[39m [[38;5;241m2[39m, [38;5;241m3[39m, [38;5;241m4[39m]
[0;32m      7[0m xlim [38;5;241m=[39m [[38;5;241m-[39m[38;5;241m5[39m, [38;5;241m245[39m]

[1;31mNameError[0m: name 'horsepower' is not defined
NameError: name 'horsepower' is not defined

