Traceback (most recent call last):
  File "C:\Users\hatef\anaconda3\envs\jbook\lib\site-packages\jupyter_cache\executors\utils.py", line 58, in single_nb_execution
    executenb(
  File "C:\Users\hatef\anaconda3\envs\jbook\lib\site-packages\nbclient\client.py", line 1204, in execute
    return NotebookClient(nb=nb, resources=resources, km=km, **kwargs).execute()
  File "C:\Users\hatef\anaconda3\envs\jbook\lib\site-packages\nbclient\util.py", line 84, in wrapped
    return just_run(coro(*args, **kwargs))
  File "C:\Users\hatef\anaconda3\envs\jbook\lib\site-packages\nbclient\util.py", line 62, in just_run
    return loop.run_until_complete(coro)
  File "C:\Users\hatef\anaconda3\envs\jbook\lib\asyncio\base_events.py", line 616, in run_until_complete
    return future.result()
  File "C:\Users\hatef\anaconda3\envs\jbook\lib\site-packages\nbclient\client.py", line 663, in async_execute
    await self.async_execute_cell(
  File "C:\Users\hatef\anaconda3\envs\jbook\lib\site-packages\nbclient\client.py", line 965, in async_execute_cell
    await self._check_raise_for_error(cell, cell_index, exec_reply)
  File "C:\Users\hatef\anaconda3\envs\jbook\lib\site-packages\nbclient\client.py", line 862, in _check_raise_for_error
    raise CellExecutionError.from_cell_and_msg(cell, exec_reply_content)
nbclient.exceptions.CellExecutionError: An error occurred while executing the following cell:
------------------
import pandas as pd
pd.options.mode.chained_assignment = None
Table = pd.DataFrame(columns = ['n', 'xi', 'wi'])
N = 9
Table['n'] = np.arange(1, N)
for n in range(Table.shape[0]):
     Table['xi'][n], Table['wi'][n] = np.round(np.polynomial.legendre.leggauss(Table.loc[n, 'n']), 6)
    
display(Table.style.set_properties(subset=['n'],
                   **{'background-color': 'Honeydew', 'color': 'Black','border-color': 'DarkGreen'}).hide(axis='index'))
------------------

[1;31m---------------------------------------------------------------------------[0m
[1;31mNameError[0m                                 Traceback (most recent call last)
Cell [1;32mIn[3], line 5[0m
[0;32m      3[0m Table [38;5;241m=[39m pd[38;5;241m.[39mDataFrame(columns [38;5;241m=[39m [[38;5;124m'[39m[38;5;124mn[39m[38;5;124m'[39m, [38;5;124m'[39m[38;5;124mxi[39m[38;5;124m'[39m, [38;5;124m'[39m[38;5;124mwi[39m[38;5;124m'[39m])
[0;32m      4[0m N [38;5;241m=[39m [38;5;241m9[39m
[1;32m----> 5[0m Table[[38;5;124m'[39m[38;5;124mn[39m[38;5;124m'[39m] [38;5;241m=[39m [43mnp[49m[38;5;241m.[39marange([38;5;241m1[39m, N)
[0;32m      6[0m [38;5;28;01mfor[39;00m n [38;5;129;01min[39;00m [38;5;28mrange[39m(Table[38;5;241m.[39mshape[[38;5;241m0[39m]):
[0;32m      7[0m      Table[[38;5;124m'[39m[38;5;124mxi[39m[38;5;124m'[39m][n], Table[[38;5;124m'[39m[38;5;124mwi[39m[38;5;124m'[39m][n] [38;5;241m=[39m np[38;5;241m.[39mround(np[38;5;241m.[39mpolynomial[38;5;241m.[39mlegendre[38;5;241m.[39mleggauss(Table[38;5;241m.[39mloc[n, [38;5;124m'[39m[38;5;124mn[39m[38;5;124m'[39m]), [38;5;241m6[39m)

[1;31mNameError[0m: name 'np' is not defined
NameError: name 'np' is not defined

